<?xml version="1.0" encoding="UTF-8"?>
<testng-results ignored="8" total="17" passed="8" failed="1" skipped="0">
  <reporter-output>
  </reporter-output>
  <suite started-at="2024-12-26T00:51:05 IST" name="Suite" finished-at="2024-12-26T00:52:39 IST" duration-ms="93560">
    <groups>
    </groups>
    <test started-at="2024-12-26T00:51:05 IST" name="Test" finished-at="2024-12-26T00:52:39 IST" duration-ms="93560">
      <class name="com.myapp.testcases.LoginPageTest">
        <test-method is-config="true" signature="setUp()[pri:0, instance:com.myapp.testcases.LoginPageTest@1b2abca6]" started-at="2024-12-26T00:52:04 IST" name="setUp" finished-at="2024-12-26T00:52:09 IST" duration-ms="4964" status="PASS">
          <reporter-output>
          </reporter-output>
        </test-method> <!-- setUp -->
        <test-method signature="loginTest(java.lang.String,java.lang.String)[pri:0, instance:com.myapp.testcases.LoginPageTest@1b2abca6]" started-at="2024-12-26T00:52:09 IST" name="loginTest" data-provider="credentials" finished-at="2024-12-26T00:52:14 IST" duration-ms="5317" status="PASS">
          <params>
            <param index="0">
              <value>
                <![CDATA[tsamuel@gmail.com]]>
              </value>
            </param>
            <param index="1">
              <value>
                <![CDATA[Bouncers#321]]>
              </value>
            </param>
          </params>
          <reporter-output>
          </reporter-output>
        </test-method> <!-- loginTest -->
        <test-method is-config="true" signature="tearDown()[pri:0, instance:com.myapp.testcases.LoginPageTest@1b2abca6]" started-at="2024-12-26T00:52:14 IST" name="tearDown" finished-at="2024-12-26T00:52:14 IST" duration-ms="233" status="PASS">
          <reporter-output>
          </reporter-output>
        </test-method> <!-- tearDown -->
        <test-method is-config="true" signature="setUp()[pri:0, instance:com.myapp.testcases.LoginPageTest@1b2abca6]" started-at="2024-12-26T00:52:14 IST" name="setUp" finished-at="2024-12-26T00:52:19 IST" duration-ms="4577" status="PASS">
          <reporter-output>
          </reporter-output>
        </test-method> <!-- setUp -->
        <test-method signature="loginTest(java.lang.String,java.lang.String)[pri:0, instance:com.myapp.testcases.LoginPageTest@1b2abca6]" started-at="2024-12-26T00:52:19 IST" name="loginTest" data-provider="credentials" finished-at="2024-12-26T00:52:24 IST" duration-ms="5561" status="FAIL">
          <params>
            <param index="0">
              <value>
                <![CDATA[samuel@mail.com]]>
              </value>
            </param>
            <param index="1">
              <value>
                <![CDATA[yorkers@123]]>
              </value>
            </param>
          </params>
          <exception class="java.lang.AssertionError">
            <message>
              <![CDATA[expected [https://www.automationexercise.com/] but found [https://www.automationexercise.com/login]]]>
            </message>
            <full-stacktrace>
              <![CDATA[java.lang.AssertionError: expected [https://www.automationexercise.com/] but found [https://www.automationexercise.com/login]
at org.testng.Assert.fail(Assert.java:99)
at org.testng.Assert.failNotEquals(Assert.java:1037)
at org.testng.Assert.assertEqualsImpl(Assert.java:140)
at org.testng.Assert.assertEquals(Assert.java:122)
at org.testng.Assert.assertEquals(Assert.java:629)
at org.testng.Assert.assertEquals(Assert.java:639)
at com.myapp.testcases.LoginPageTest.loginTest(LoginPageTest.java:44)
at java.base/jdk.internal.reflect.NativeMethodAccessorImpl.invoke0(Native Method)
at java.base/jdk.internal.reflect.NativeMethodAccessorImpl.invoke(NativeMethodAccessorImpl.java:77)
at java.base/jdk.internal.reflect.DelegatingMethodAccessorImpl.invoke(DelegatingMethodAccessorImpl.java:43)
at java.base/java.lang.reflect.Method.invoke(Method.java:568)
at org.testng.internal.MethodInvocationHelper.invokeMethod(MethodInvocationHelper.java:133)
at org.testng.internal.TestInvoker.invokeMethod(TestInvoker.java:598)
at org.testng.internal.TestInvoker.invokeTestMethod(TestInvoker.java:173)
at org.testng.internal.MethodRunner.runInSequence(MethodRunner.java:46)
at org.testng.internal.TestInvoker$MethodInvocationAgent.invoke(TestInvoker.java:824)
at org.testng.internal.TestInvoker.invokeTestMethods(TestInvoker.java:146)
at org.testng.internal.TestMethodWorker.invokeTestMethods(TestMethodWorker.java:146)
at org.testng.internal.TestMethodWorker.run(TestMethodWorker.java:128)
at java.base/java.util.ArrayList.forEach(ArrayList.java:1511)
at org.testng.TestRunner.privateRun(TestRunner.java:794)
at org.testng.TestRunner.run(TestRunner.java:596)
at org.testng.SuiteRunner.runTest(SuiteRunner.java:377)
at org.testng.SuiteRunner.runSequentially(SuiteRunner.java:371)
at org.testng.SuiteRunner.privateRun(SuiteRunner.java:332)
at org.testng.SuiteRunner.run(SuiteRunner.java:276)
at org.testng.SuiteRunnerWorker.runSuite(SuiteRunnerWorker.java:53)
at org.testng.SuiteRunnerWorker.run(SuiteRunnerWorker.java:96)
at org.testng.TestNG.runSuitesSequentially(TestNG.java:1212)
at org.testng.TestNG.runSuitesLocally(TestNG.java:1134)
at org.testng.TestNG.runSuites(TestNG.java:1063)
at org.testng.TestNG.run(TestNG.java:1031)
at org.testng.remote.AbstractRemoteTestNG.run(AbstractRemoteTestNG.java:115)
at org.testng.remote.RemoteTestNG.initAndRun(RemoteTestNG.java:251)
at org.testng.remote.RemoteTestNG.main(RemoteTestNG.java:77)
]]>
            </full-stacktrace>
          </exception> <!-- java.lang.AssertionError -->
          <reporter-output>
          </reporter-output>
        </test-method> <!-- loginTest -->
        <test-method is-config="true" signature="tearDown()[pri:0, instance:com.myapp.testcases.LoginPageTest@1b2abca6]" started-at="2024-12-26T00:52:24 IST" name="tearDown" finished-at="2024-12-26T00:52:25 IST" duration-ms="254" status="PASS">
          <reporter-output>
          </reporter-output>
        </test-method> <!-- tearDown -->
      </class> <!-- com.myapp.testcases.LoginPageTest -->
      <class name="com.myapp.testcases.SearchResultPageTest">
        <test-method is-config="true" signature="setUp()[pri:0, instance:com.myapp.testcases.SearchResultPageTest@6392827e]" started-at="2024-12-26T00:52:25 IST" name="setUp" finished-at="2024-12-26T00:52:29 IST" duration-ms="4774" status="PASS">
          <reporter-output>
          </reporter-output>
        </test-method> <!-- setUp -->
        <test-method signature="productAvailabilityTest()[pri:0, instance:com.myapp.testcases.SearchResultPageTest@6392827e]" started-at="2024-12-26T00:52:29 IST" name="productAvailabilityTest" finished-at="2024-12-26T00:52:38 IST" duration-ms="8980" status="PASS">
          <reporter-output>
          </reporter-output>
        </test-method> <!-- productAvailabilityTest -->
        <test-method is-config="true" signature="tearDown()[pri:0, instance:com.myapp.testcases.SearchResultPageTest@6392827e]" started-at="2024-12-26T00:52:38 IST" name="tearDown" finished-at="2024-12-26T00:52:39 IST" duration-ms="186" status="PASS">
          <reporter-output>
          </reporter-output>
        </test-method> <!-- tearDown -->
      </class> <!-- com.myapp.testcases.SearchResultPageTest -->
      <class name="com.myapp.testcases.AccountCreationPageTest">
        <test-method is-config="true" signature="setUp()[pri:0, instance:com.myapp.testcases.AccountCreationPageTest@e15b7e8]" started-at="2024-12-26T00:51:31 IST" name="setUp" finished-at="2024-12-26T00:51:36 IST" duration-ms="5279" status="PASS">
          <reporter-output>
          </reporter-output>
        </test-method> <!-- setUp -->
        <test-method signature="verifyCreateAccountPageTest(java.lang.String,java.lang.String)[pri:0, instance:com.myapp.testcases.AccountCreationPageTest@e15b7e8]" started-at="2024-12-26T00:51:36 IST" name="verifyCreateAccountPageTest" data-provider="accountCreation" finished-at="2024-12-26T00:51:43 IST" duration-ms="6788" status="PASS">
          <params>
            <param index="0">
              <value>
                <![CDATA[sam]]>
              </value>
            </param>
            <param index="1">
              <value>
                <![CDATA[sam@mail.com]]>
              </value>
            </param>
          </params>
          <reporter-output>
          </reporter-output>
        </test-method> <!-- verifyCreateAccountPageTest -->
        <test-method is-config="true" signature="tearDown()[pri:0, instance:com.myapp.testcases.AccountCreationPageTest@e15b7e8]" started-at="2024-12-26T00:51:43 IST" name="tearDown" finished-at="2024-12-26T00:51:43 IST" duration-ms="220" status="PASS">
          <reporter-output>
          </reporter-output>
        </test-method> <!-- tearDown -->
        <test-method is-config="true" signature="setUp()[pri:0, instance:com.myapp.testcases.AccountCreationPageTest@e15b7e8]" started-at="2024-12-26T00:51:43 IST" name="setUp" finished-at="2024-12-26T00:51:48 IST" duration-ms="5136" status="PASS">
          <reporter-output>
          </reporter-output>
        </test-method> <!-- setUp -->
        <test-method signature="verifyCreateAccountPageTest(java.lang.String,java.lang.String)[pri:0, instance:com.myapp.testcases.AccountCreationPageTest@e15b7e8]" started-at="2024-12-26T00:51:48 IST" name="verifyCreateAccountPageTest" data-provider="accountCreation" finished-at="2024-12-26T00:51:53 IST" duration-ms="5244" status="PASS">
          <params>
            <param index="0">
              <value>
                <![CDATA[dan]]>
              </value>
            </param>
            <param index="1">
              <value>
                <![CDATA[dan@mail.com]]>
              </value>
            </param>
          </params>
          <reporter-output>
          </reporter-output>
        </test-method> <!-- verifyCreateAccountPageTest -->
        <test-method is-config="true" signature="tearDown()[pri:0, instance:com.myapp.testcases.AccountCreationPageTest@e15b7e8]" started-at="2024-12-26T00:51:53 IST" name="tearDown" finished-at="2024-12-26T00:51:54 IST" duration-ms="299" status="PASS">
          <reporter-output>
          </reporter-output>
        </test-method> <!-- tearDown -->
        <test-method is-config="true" signature="setUp()[pri:0, instance:com.myapp.testcases.AccountCreationPageTest@e15b7e8]" started-at="2024-12-26T00:51:54 IST" name="setUp" finished-at="2024-12-26T00:51:59 IST" duration-ms="4752" status="PASS">
          <reporter-output>
          </reporter-output>
        </test-method> <!-- setUp -->
        <test-method signature="verifyCreateAccountPageTest(java.lang.String,java.lang.String)[pri:0, instance:com.myapp.testcases.AccountCreationPageTest@e15b7e8]" started-at="2024-12-26T00:51:59 IST" name="verifyCreateAccountPageTest" data-provider="accountCreation" finished-at="2024-12-26T00:52:03 IST" duration-ms="4717" status="PASS">
          <params>
            <param index="0">
              <value>
                <![CDATA[vin]]>
              </value>
            </param>
            <param index="1">
              <value>
                <![CDATA[vin@mail.com]]>
              </value>
            </param>
          </params>
          <reporter-output>
          </reporter-output>
        </test-method> <!-- verifyCreateAccountPageTest -->
        <test-method is-config="true" signature="tearDown()[pri:0, instance:com.myapp.testcases.AccountCreationPageTest@e15b7e8]" started-at="2024-12-26T00:52:03 IST" name="tearDown" finished-at="2024-12-26T00:52:04 IST" duration-ms="294" status="PASS">
          <reporter-output>
          </reporter-output>
        </test-method> <!-- tearDown -->
      </class> <!-- com.myapp.testcases.AccountCreationPageTest -->
      <class name="com.myapp.testcases.IndexPageTest">
        <test-method is-config="true" signature="beforeSuite()[pri:0, instance:com.myapp.testcases.IndexPageTest@5ba3f27a]" started-at="2024-12-26T00:51:05 IST" name="beforeSuite" finished-at="2024-12-26T00:51:05 IST" duration-ms="164" status="PASS">
          <reporter-output>
          </reporter-output>
        </test-method> <!-- beforeSuite -->
        <test-method is-config="true" signature="loadConfig()[pri:0, instance:com.myapp.testcases.IndexPageTest@5ba3f27a]" started-at="2024-12-26T00:51:05 IST" name="loadConfig" finished-at="2024-12-26T00:51:05 IST" duration-ms="1" status="PASS">
          <reporter-output>
          </reporter-output>
        </test-method> <!-- loadConfig -->
        <test-method is-config="true" signature="setUp()[pri:0, instance:com.myapp.testcases.IndexPageTest@5ba3f27a]" started-at="2024-12-26T00:51:05 IST" name="setUp" finished-at="2024-12-26T00:51:11 IST" duration-ms="6283" status="PASS">
          <reporter-output>
          </reporter-output>
        </test-method> <!-- setUp -->
        <test-method signature="verifyLogo()[pri:0, instance:com.myapp.testcases.IndexPageTest@5ba3f27a]" started-at="2024-12-26T00:51:11 IST" name="verifyLogo" finished-at="2024-12-26T00:51:11 IST" duration-ms="175" status="PASS">
          <reporter-output>
          </reporter-output>
        </test-method> <!-- verifyLogo -->
        <test-method is-config="true" signature="tearDown()[pri:0, instance:com.myapp.testcases.IndexPageTest@5ba3f27a]" started-at="2024-12-26T00:51:11 IST" name="tearDown" finished-at="2024-12-26T00:51:12 IST" duration-ms="301" status="PASS">
          <reporter-output>
          </reporter-output>
        </test-method> <!-- tearDown -->
        <test-method is-config="true" signature="setUp()[pri:0, instance:com.myapp.testcases.IndexPageTest@5ba3f27a]" started-at="2024-12-26T00:51:12 IST" name="setUp" finished-at="2024-12-26T00:51:16 IST" duration-ms="4642" status="PASS">
          <reporter-output>
          </reporter-output>
        </test-method> <!-- setUp -->
        <test-method signature="verifyTitle()[pri:0, instance:com.myapp.testcases.IndexPageTest@5ba3f27a]" started-at="2024-12-26T00:51:16 IST" name="verifyTitle" finished-at="2024-12-26T00:51:16 IST" duration-ms="29" status="PASS">
          <reporter-output>
          </reporter-output>
        </test-method> <!-- verifyTitle -->
        <test-method is-config="true" signature="tearDown()[pri:0, instance:com.myapp.testcases.IndexPageTest@5ba3f27a]" started-at="2024-12-26T00:51:16 IST" name="tearDown" finished-at="2024-12-26T00:51:17 IST" duration-ms="200" status="PASS">
          <reporter-output>
          </reporter-output>
        </test-method> <!-- tearDown -->
      </class> <!-- com.myapp.testcases.IndexPageTest -->
      <class name="com.myapp.testcases.HomePageTest">
        <test-method is-config="true" signature="setUp()[pri:0, instance:com.myapp.testcases.HomePageTest@209da20d]" started-at="2024-12-26T00:51:17 IST" name="setUp" finished-at="2024-12-26T00:51:23 IST" duration-ms="5943" status="PASS">
          <reporter-output>
          </reporter-output>
        </test-method> <!-- setUp -->
        <test-method signature="homePageValidationTest()[pri:0, instance:com.myapp.testcases.HomePageTest@209da20d]" started-at="2024-12-26T00:51:23 IST" name="homePageValidationTest" finished-at="2024-12-26T00:51:29 IST" duration-ms="6750" status="PASS">
          <reporter-output>
          </reporter-output>
        </test-method> <!-- homePageValidationTest -->
        <test-method is-config="true" signature="tearDown()[pri:0, instance:com.myapp.testcases.HomePageTest@209da20d]" started-at="2024-12-26T00:51:29 IST" name="tearDown" finished-at="2024-12-26T00:51:30 IST" duration-ms="303" status="PASS">
          <reporter-output>
          </reporter-output>
        </test-method> <!-- tearDown -->
      </class> <!-- com.myapp.testcases.HomePageTest -->
    </test> <!-- Test -->
  </suite> <!-- Suite -->
</testng-results>
