<?xml version="1.0" encoding="UTF-8"?>
<!-- Generated by org.testng.reporters.JUnitXMLReporter -->
<testsuite ignored="8" hostname="Samuel" failures="0" tests="9" name="Test" time="0.664" errors="0" timestamp="2024-12-26T21:09:16 IST">
  <testcase classname="com.myapp.testcases.IndexPageTest" name="@BeforeMethod setUp" time="-1.735227555871E9">
    <failure type="org.testng.TestNGException" message="
Parameter &amp;apos;browser&amp;apos; is required by BeforeMethod on method setUp but has not been marked @Optional or defined
in C:\Users\tsamu\git\repository3\MyFrameworkProject\testng_all.xml">
      <![CDATA[org.testng.TestNGException: 
Parameter 'browser' is required by BeforeMethod on method setUp but has not been marked @Optional or defined
in C:\Users\tsamu\git\repository3\MyFrameworkProject\testng_all.xml
at java.base/java.util.ArrayList.forEach(ArrayList.java:1511)
... Removed 28 stack frames]]>
    </failure>
  </testcase> <!-- @BeforeMethod setUp -->
  <testcase classname="com.myapp.testcases.IndexPageTest" name="@AfterMethod tearDown" time="-1.735227555881E9">
    <skipped/>
  </testcase> <!-- @AfterMethod tearDown -->
  <testcase classname="com.myapp.testcases.IndexPageTest" name="@BeforeMethod setUp" time="-1.735227555884E9">
    <skipped/>
  </testcase> <!-- @BeforeMethod setUp -->
  <testcase classname="com.myapp.testcases.IndexPageTest" name="@AfterMethod tearDown" time="-1.735227555887E9">
    <skipped/>
  </testcase> <!-- @AfterMethod tearDown -->
  <testcase classname="com.myapp.testcases.HomePageTest" name="@BeforeMethod setUp" time="-1.73522755589E9">
    <failure type="org.testng.TestNGException" message="
Parameter &amp;apos;browser&amp;apos; is required by BeforeMethod on method setUp but has not been marked @Optional or defined
in C:\Users\tsamu\git\repository3\MyFrameworkProject\testng_all.xml">
      <![CDATA[org.testng.TestNGException: 
Parameter 'browser' is required by BeforeMethod on method setUp but has not been marked @Optional or defined
in C:\Users\tsamu\git\repository3\MyFrameworkProject\testng_all.xml
at java.base/java.util.ArrayList.forEach(ArrayList.java:1511)
... Removed 28 stack frames]]>
    </failure>
  </testcase> <!-- @BeforeMethod setUp -->
  <testcase classname="com.myapp.testcases.HomePageTest" name="@AfterMethod tearDown" time="-1.735227555893E9">
    <skipped/>
  </testcase> <!-- @AfterMethod tearDown -->
  <testcase classname="com.myapp.testcases.AccountCreationPageTest" name="@BeforeMethod setUp" time="-1.735227556449E9">
    <failure type="org.testng.TestNGException" message="
Parameter &amp;apos;browser&amp;apos; is required by BeforeMethod on method setUp but has not been marked @Optional or defined
in C:\Users\tsamu\git\repository3\MyFrameworkProject\testng_all.xml">
      <![CDATA[org.testng.TestNGException: 
Parameter 'browser' is required by BeforeMethod on method setUp but has not been marked @Optional or defined
in C:\Users\tsamu\git\repository3\MyFrameworkProject\testng_all.xml
at java.base/java.util.ArrayList.forEach(ArrayList.java:1511)
... Removed 28 stack frames]]>
    </failure>
  </testcase> <!-- @BeforeMethod setUp -->
  <testcase classname="com.myapp.testcases.AccountCreationPageTest" name="@AfterMethod tearDown" time="-1.735227556452E9">
    <skipped/>
  </testcase> <!-- @AfterMethod tearDown -->
  <testcase classname="com.myapp.testcases.AccountCreationPageTest" name="@BeforeMethod setUp" time="-1.735227556453E9">
    <skipped/>
  </testcase> <!-- @BeforeMethod setUp -->
  <testcase classname="com.myapp.testcases.AccountCreationPageTest" name="@AfterMethod tearDown" time="-1.735227556457E9">
    <skipped/>
  </testcase> <!-- @AfterMethod tearDown -->
  <testcase classname="com.myapp.testcases.AccountCreationPageTest" name="@BeforeMethod setUp" time="-1.735227556458E9">
    <skipped/>
  </testcase> <!-- @BeforeMethod setUp -->
  <testcase classname="com.myapp.testcases.AccountCreationPageTest" name="@AfterMethod tearDown" time="-1.735227556461E9">
    <skipped/>
  </testcase> <!-- @AfterMethod tearDown -->
  <testcase classname="com.myapp.testcases.LoginPageTest" name="@BeforeMethod setUp" time="-1.7352275565E9">
    <failure type="org.testng.TestNGException" message="
Parameter &amp;apos;browser&amp;apos; is required by BeforeMethod on method setUp but has not been marked @Optional or defined
in C:\Users\tsamu\git\repository3\MyFrameworkProject\testng_all.xml">
      <![CDATA[org.testng.TestNGException: 
Parameter 'browser' is required by BeforeMethod on method setUp but has not been marked @Optional or defined
in C:\Users\tsamu\git\repository3\MyFrameworkProject\testng_all.xml
at java.base/java.util.ArrayList.forEach(ArrayList.java:1511)
... Removed 28 stack frames]]>
    </failure>
  </testcase> <!-- @BeforeMethod setUp -->
  <testcase classname="com.myapp.testcases.LoginPageTest" name="@AfterMethod tearDown" time="-1.735227556503E9">
    <skipped/>
  </testcase> <!-- @AfterMethod tearDown -->
  <testcase classname="com.myapp.testcases.LoginPageTest" name="@BeforeMethod setUp" time="-1.735227556504E9">
    <skipped/>
  </testcase> <!-- @BeforeMethod setUp -->
  <testcase classname="com.myapp.testcases.LoginPageTest" name="@AfterMethod tearDown" time="-1.735227556507E9">
    <skipped/>
  </testcase> <!-- @AfterMethod tearDown -->
  <testcase classname="com.myapp.testcases.SearchResultPageTest" name="@BeforeMethod setUp" time="-1.735227556508E9">
    <failure type="org.testng.TestNGException" message="
Parameter &amp;apos;browser&amp;apos; is required by BeforeMethod on method setUp but has not been marked @Optional or defined
in C:\Users\tsamu\git\repository3\MyFrameworkProject\testng_all.xml">
      <![CDATA[org.testng.TestNGException: 
Parameter 'browser' is required by BeforeMethod on method setUp but has not been marked @Optional or defined
in C:\Users\tsamu\git\repository3\MyFrameworkProject\testng_all.xml
at java.base/java.util.ArrayList.forEach(ArrayList.java:1511)
... Removed 28 stack frames]]>
    </failure>
  </testcase> <!-- @BeforeMethod setUp -->
  <testcase classname="com.myapp.testcases.SearchResultPageTest" name="@AfterMethod tearDown" time="-1.735227556512E9">
    <skipped/>
  </testcase> <!-- @AfterMethod tearDown -->
  <testcase classname="com.myapp.testcases.IndexPageTest" name="verifyLogo" time="0.0">
    <skipped/>
  </testcase> <!-- verifyLogo -->
  <testcase classname="com.myapp.testcases.IndexPageTest" name="verifyTitle" time="0.0">
    <skipped/>
  </testcase> <!-- verifyTitle -->
  <testcase classname="com.myapp.testcases.HomePageTest" name="homePageValidationTest" time="0.0">
    <skipped/>
  </testcase> <!-- homePageValidationTest -->
  <testcase classname="com.myapp.testcases.AccountCreationPageTest" name="verifyCreateAccountPageTest" time="0.0">
    <skipped/>
  </testcase> <!-- verifyCreateAccountPageTest -->
  <testcase classname="com.myapp.testcases.AccountCreationPageTest" name="verifyCreateAccountPageTest" time="0.0">
    <skipped/>
  </testcase> <!-- verifyCreateAccountPageTest -->
  <testcase classname="com.myapp.testcases.AccountCreationPageTest" name="verifyCreateAccountPageTest" time="0.0">
    <skipped/>
  </testcase> <!-- verifyCreateAccountPageTest -->
  <testcase classname="com.myapp.testcases.LoginPageTest" name="loginTest" time="0.0">
    <skipped/>
  </testcase> <!-- loginTest -->
  <testcase classname="com.myapp.testcases.LoginPageTest" name="loginTest" time="0.0">
    <skipped/>
  </testcase> <!-- loginTest -->
  <testcase classname="com.myapp.testcases.SearchResultPageTest" name="productAvailabilityTest" time="0.0">
    <skipped/>
  </testcase> <!-- productAvailabilityTest -->
  <testcase classname="com.myapp.base.BaseClass" name="@BeforeSuite beforeSuite" time="0.0">
    <ignored/>
  </testcase> <!-- @BeforeSuite beforeSuite -->
  <testcase classname="com.myapp.base.BaseClass" name="@BeforeSuite beforeSuite" time="0.0">
    <ignored/>
  </testcase> <!-- @BeforeSuite beforeSuite -->
  <testcase classname="com.myapp.base.BaseClass" name="@BeforeSuite beforeSuite" time="0.0">
    <ignored/>
  </testcase> <!-- @BeforeSuite beforeSuite -->
  <testcase classname="com.myapp.base.BaseClass" name="@BeforeSuite beforeSuite" time="0.0">
    <ignored/>
  </testcase> <!-- @BeforeSuite beforeSuite -->
  <testcase classname="com.myapp.base.BaseClass" name="@BeforeTest loadConfig" time="0.0">
    <ignored/>
  </testcase> <!-- @BeforeTest loadConfig -->
  <testcase classname="com.myapp.base.BaseClass" name="@BeforeTest loadConfig" time="0.0">
    <ignored/>
  </testcase> <!-- @BeforeTest loadConfig -->
  <testcase classname="com.myapp.base.BaseClass" name="@BeforeTest loadConfig" time="0.0">
    <ignored/>
  </testcase> <!-- @BeforeTest loadConfig -->
  <testcase classname="com.myapp.base.BaseClass" name="@BeforeTest loadConfig" time="0.0">
    <ignored/>
  </testcase> <!-- @BeforeTest loadConfig -->
</testsuite> <!-- Test -->
